<?xml version="1.0" encoding="UTF-8"?>
<testng-results skipped="0" failed="0" ignored="0" total="1" passed="1">
  <reporter-output>
  </reporter-output>
  <suite name="Page Object Model" duration-ms="52831" started-at="2020-08-08T15:32:11Z" finished-at="2020-08-08T15:33:04Z">
    <groups>
    </groups>
    <test name="EndToEnd Test" duration-ms="52831" started-at="2020-08-08T15:32:11Z" finished-at="2020-08-08T15:33:04Z">
      <class name="com.ixigo.Testcases.EndToEnd">
        <test-method status="PASS" signature="setUp()[pri:0, instance:com.ixigo.Testcases.EndToEnd@7f690630]" name="setUp" is-config="true" duration-ms="8900" started-at="2020-08-08T21:02:11Z" finished-at="2020-08-08T21:02:20Z">
          <reporter-output>
          </reporter-output>
        </test-method> <!-- setUp -->
        <test-method status="PASS" signature="EndToEndTest()[pri:0, instance:com.ixigo.Testcases.EndToEnd@7f690630]" name="EndToEndTest" duration-ms="43660" started-at="2020-08-08T21:02:20Z" finished-at="2020-08-08T21:03:03Z">
          <reporter-output>
          </reporter-output>
        </test-method> <!-- EndToEndTest -->
        <test-method status="PASS" signature="tearDown()[pri:0, instance:com.ixigo.Testcases.EndToEnd@7f690630]" name="tearDown" is-config="true" duration-ms="251" started-at="2020-08-08T21:03:03Z" finished-at="2020-08-08T21:03:04Z">
          <reporter-output>
          </reporter-output>
        </test-method> <!-- tearDown -->
      </class> <!-- com.ixigo.Testcases.EndToEnd -->
    </test> <!-- EndToEnd Test -->
  </suite> <!-- Page Object Model -->
</testng-results>
