<?xml version="1.0" encoding="UTF-8"?>
<testng-results skipped="0" failed="0" ignored="0" total="1" passed="1">
  <reporter-output>
  </reporter-output>
  <suite name="Page Object Model" duration-ms="51818" started-at="2020-08-10T16:31:06Z" finished-at="2020-08-10T16:31:58Z">
    <groups>
    </groups>
    <test name="EndToEnd Test" duration-ms="51818" started-at="2020-08-10T16:31:06Z" finished-at="2020-08-10T16:31:58Z">
      <class name="com.ixigo.Testcases.EndToEnd">
        <test-method status="PASS" signature="setUp()[pri:0, instance:com.ixigo.Testcases.EndToEnd@7f690630]" name="setUp" is-config="true" duration-ms="7828" started-at="2020-08-10T22:01:06Z" finished-at="2020-08-10T22:01:14Z">
          <reporter-output>
          </reporter-output>
        </test-method> <!-- setUp -->
        <test-method status="PASS" signature="EndToEndTest()[pri:0, instance:com.ixigo.Testcases.EndToEnd@7f690630]" name="EndToEndTest" duration-ms="39854" started-at="2020-08-10T22:01:14Z" finished-at="2020-08-10T22:01:54Z">
          <reporter-output>
          </reporter-output>
        </test-method> <!-- EndToEndTest -->
        <test-method status="PASS" signature="tearDown()[pri:0, instance:com.ixigo.Testcases.EndToEnd@7f690630]" name="tearDown" is-config="true" duration-ms="4119" started-at="2020-08-10T22:01:54Z" finished-at="2020-08-10T22:01:58Z">
          <reporter-output>
          </reporter-output>
        </test-method> <!-- tearDown -->
      </class> <!-- com.ixigo.Testcases.EndToEnd -->
    </test> <!-- EndToEnd Test -->
  </suite> <!-- Page Object Model -->
</testng-results>
